{"D:\\React\\Curso_TS\\Examples_React_Course\\Full Stack - React - Node - TypeScript\\server\\src\\router.ts": {"path":"D:\\React\\Curso_TS\\Examples_React_Course\\Full Stack - React - Node - TypeScript\\server\\src\\router.ts","statementMap":{"0":{"start":{"line":1,"column":0},"end":{"line":1,"column":32}},"1":{"start":{"line":2,"column":0},"end":{"line":2,"column":47}},"2":{"start":{"line":3,"column":0},"end":{"line":3,"column":130}},"3":{"start":{"line":4,"column":0},"end":{"line":4,"column":48}},"4":{"start":{"line":6,"column":16},"end":{"line":6,"column":24}},"5":{"start":{"line":53,"column":0},"end":{"line":53,"column":null}},"6":{"start":{"line":82,"column":0},"end":{"line":87,"column":null}},"7":{"start":{"line":121,"column":0},"end":{"line":133,"column":null}},"8":{"start":{"line":129,"column":25},"end":{"line":129,"column":34}},"9":{"start":{"line":178,"column":0},"end":{"line":195,"column":null}},"10":{"start":{"line":188,"column":25},"end":{"line":188,"column":34}},"11":{"start":{"line":224,"column":0},"end":{"line":229,"column":null}},"12":{"start":{"line":259,"column":0},"end":{"line":265,"column":null}},"13":{"start":{"line":267,"column":0},"end":{"line":267,"column":22}}},"fnMap":{"0":{"name":"(anonymous_0)","decl":{"start":{"line":129,"column":16},"end":{"line":129,"column":21}},"loc":{"start":{"line":129,"column":25},"end":{"line":129,"column":34}}},"1":{"name":"(anonymous_1)","decl":{"start":{"line":188,"column":16},"end":{"line":188,"column":21}},"loc":{"start":{"line":188,"column":25},"end":{"line":188,"column":34}}}},"branchMap":{},"s":{"0":2,"1":2,"2":2,"3":2,"4":2,"5":2,"6":2,"7":2,"8":4,"9":2,"10":5,"11":2,"12":2,"13":2},"f":{"0":4,"1":5},"b":{}}
,"D:\\React\\Curso_TS\\Examples_React_Course\\Full Stack - React - Node - TypeScript\\server\\src\\server.ts": {"path":"D:\\React\\Curso_TS\\Examples_React_Course\\Full Stack - React - Node - TypeScript\\server\\src\\server.ts","statementMap":{"0":{"start":{"line":9,"column":0},"end":{"line":9,"column":7}},"1":{"start":{"line":1,"column":0},"end":{"line":1,"column":28}},"2":{"start":{"line":2,"column":0},"end":{"line":2,"column":29}},"3":{"start":{"line":3,"column":0},"end":{"line":3,"column":30}},"4":{"start":{"line":4,"column":0},"end":{"line":4,"column":30}},"5":{"start":{"line":5,"column":0},"end":{"line":5,"column":65}},"6":{"start":{"line":6,"column":0},"end":{"line":6,"column":42}},"7":{"start":{"line":10,"column":4},"end":{"line":17,"column":5}},"8":{"start":{"line":11,"column":8},"end":{"line":11,"column":null}},"9":{"start":{"line":12,"column":8},"end":{"line":12,"column":null}},"10":{"start":{"line":15,"column":8},"end":{"line":15,"column":27}},"11":{"start":{"line":16,"column":8},"end":{"line":16,"column":85}},"12":{"start":{"line":20,"column":0},"end":{"line":20,"column":12}},"13":{"start":{"line":22,"column":15},"end":{"line":22,"column":24}},"14":{"start":{"line":25,"column":0},"end":{"line":25,"column":27}},"15":{"start":{"line":28,"column":0},"end":{"line":28,"column":36}},"16":{"start":{"line":33,"column":0},"end":{"line":33,"column":52}},"17":{"start":{"line":35,"column":0},"end":{"line":35,"column":null}},"18":{"start":{"line":37,"column":0},"end":{"line":37,"column":null}}},"fnMap":{"0":{"name":"connectDB","decl":{"start":{"line":9,"column":22},"end":{"line":9,"column":31}},"loc":{"start":{"line":9,"column":31},"end":{"line":18,"column":1}}}},"branchMap":{},"s":{"0":2,"1":2,"2":2,"3":2,"4":2,"5":2,"6":2,"7":3,"8":3,"9":2,"10":1,"11":1,"12":2,"13":2,"14":2,"15":2,"16":2,"17":2,"18":2},"f":{"0":3},"b":{}}
,"D:\\React\\Curso_TS\\Examples_React_Course\\Full Stack - React - Node - TypeScript\\server\\src\\config\\db.ts": {"path":"D:\\React\\Curso_TS\\Examples_React_Course\\Full Stack - React - Node - TypeScript\\server\\src\\config\\db.ts","statementMap":{"0":{"start":{"line":1,"column":0},"end":{"line":1,"column":47}},"1":{"start":{"line":2,"column":0},"end":{"line":2,"column":27}},"2":{"start":{"line":3,"column":0},"end":{"line":3,"column":null}},"3":{"start":{"line":6,"column":11},"end":{"line":9,"column":2}},"4":{"start":{"line":11,"column":0},"end":{"line":11,"column":null}}},"fnMap":{},"branchMap":{},"s":{"0":2,"1":2,"2":2,"3":2,"4":2},"f":{},"b":{}}
,"D:\\React\\Curso_TS\\Examples_React_Course\\Full Stack - React - Node - TypeScript\\server\\src\\config\\swagger.ts": {"path":"D:\\React\\Curso_TS\\Examples_React_Course\\Full Stack - React - Node - TypeScript\\server\\src\\config\\swagger.ts","statementMap":{"0":{"start":{"line":1,"column":0},"end":{"line":1,"column":41}},"1":{"start":{"line":4,"column":38},"end":{"line":20,"column":null}},"2":{"start":{"line":22,"column":20},"end":{"line":22,"column":41}},"3":{"start":{"line":27,"column":43},"end":{"line":56,"column":2}},"4":{"start":{"line":62,"column":8},"end":{"line":62,"column":24}},"5":{"start":{"line":61,"column":0},"end":{"line":61,"column":null}}},"fnMap":{},"branchMap":{},"s":{"0":2,"1":2,"2":2,"3":2,"4":2,"5":2},"f":{},"b":{}}
,"D:\\React\\Curso_TS\\Examples_React_Course\\Full Stack - React - Node - TypeScript\\server\\src\\handlers\\product.ts": {"path":"D:\\React\\Curso_TS\\Examples_React_Course\\Full Stack - React - Node - TypeScript\\server\\src\\handlers\\product.ts","statementMap":{"0":{"start":{"line":3,"column":0},"end":{"line":3,"column":46}},"1":{"start":{"line":5,"column":27},"end":{"line":19,"column":1}},"2":{"start":{"line":6,"column":4},"end":{"line":18,"column":5}},"3":{"start":{"line":7,"column":25},"end":{"line":12,"column":10}},"4":{"start":{"line":14,"column":8},"end":{"line":14,"column":null}},"5":{"start":{"line":16,"column":8},"end":{"line":16,"column":27}},"6":{"start":{"line":5,"column":13},"end":{"line":5,"column":27}},"7":{"start":{"line":21,"column":30},"end":{"line":38,"column":1}},"8":{"start":{"line":22,"column":4},"end":{"line":37,"column":5}},"9":{"start":{"line":23,"column":21},"end":{"line":23,"column":31}},"10":{"start":{"line":24,"column":24},"end":{"line":24,"column":50}},"11":{"start":{"line":26,"column":8},"end":{"line":30,"column":9}},"12":{"start":{"line":27,"column":12},"end":{"line":29,"column":null}},"13":{"start":{"line":32,"column":8},"end":{"line":32,"column":null}},"14":{"start":{"line":35,"column":8},"end":{"line":35,"column":27}},"15":{"start":{"line":21,"column":13},"end":{"line":21,"column":30}},"16":{"start":{"line":40,"column":29},"end":{"line":48,"column":1}},"17":{"start":{"line":41,"column":4},"end":{"line":47,"column":5}},"18":{"start":{"line":42,"column":24},"end":{"line":42,"column":56}},"19":{"start":{"line":44,"column":8},"end":{"line":44,"column":46}},"20":{"start":{"line":46,"column":8},"end":{"line":46,"column":null}},"21":{"start":{"line":40,"column":13},"end":{"line":40,"column":29}},"22":{"start":{"line":50,"column":29},"end":{"line":70,"column":1}},"23":{"start":{"line":51,"column":4},"end":{"line":69,"column":5}},"24":{"start":{"line":52,"column":21},"end":{"line":52,"column":31}},"25":{"start":{"line":53,"column":24},"end":{"line":53,"column":50}},"26":{"start":{"line":55,"column":8},"end":{"line":59,"column":9}},"27":{"start":{"line":56,"column":12},"end":{"line":58,"column":null}},"28":{"start":{"line":62,"column":8},"end":{"line":62,"column":null}},"29":{"start":{"line":63,"column":8},"end":{"line":63,"column":null}},"30":{"start":{"line":65,"column":8},"end":{"line":65,"column":null}},"31":{"start":{"line":68,"column":8},"end":{"line":68,"column":27}},"32":{"start":{"line":50,"column":13},"end":{"line":50,"column":29}},"33":{"start":{"line":72,"column":34},"end":{"line":92,"column":1}},"34":{"start":{"line":73,"column":4},"end":{"line":91,"column":5}},"35":{"start":{"line":74,"column":21},"end":{"line":74,"column":31}},"36":{"start":{"line":75,"column":24},"end":{"line":75,"column":50}},"37":{"start":{"line":77,"column":8},"end":{"line":81,"column":9}},"38":{"start":{"line":78,"column":12},"end":{"line":80,"column":null}},"39":{"start":{"line":84,"column":8},"end":{"line":84,"column":null}},"40":{"start":{"line":85,"column":8},"end":{"line":85,"column":null}},"41":{"start":{"line":87,"column":8},"end":{"line":87,"column":null}},"42":{"start":{"line":90,"column":8},"end":{"line":90,"column":27}},"43":{"start":{"line":72,"column":13},"end":{"line":72,"column":34}},"44":{"start":{"line":94,"column":29},"end":{"line":111,"column":1}},"45":{"start":{"line":95,"column":4},"end":{"line":110,"column":5}},"46":{"start":{"line":96,"column":21},"end":{"line":96,"column":31}},"47":{"start":{"line":97,"column":24},"end":{"line":97,"column":50}},"48":{"start":{"line":99,"column":8},"end":{"line":103,"column":9}},"49":{"start":{"line":100,"column":12},"end":{"line":102,"column":null}},"50":{"start":{"line":105,"column":8},"end":{"line":105,"column":null}},"51":{"start":{"line":106,"column":8},"end":{"line":106,"column":null}},"52":{"start":{"line":109,"column":8},"end":{"line":109,"column":27}},"53":{"start":{"line":94,"column":13},"end":{"line":94,"column":29}}},"fnMap":{"0":{"name":"(anonymous_1)","decl":{"start":{"line":5,"column":27},"end":{"line":5,"column":32}},"loc":{"start":{"line":5,"column":65},"end":{"line":19,"column":1}}},"1":{"name":"(anonymous_2)","decl":{"start":{"line":21,"column":30},"end":{"line":21,"column":35}},"loc":{"start":{"line":21,"column":68},"end":{"line":38,"column":1}}},"2":{"name":"(anonymous_3)","decl":{"start":{"line":40,"column":29},"end":{"line":40,"column":34}},"loc":{"start":{"line":40,"column":67},"end":{"line":48,"column":1}}},"3":{"name":"(anonymous_4)","decl":{"start":{"line":50,"column":29},"end":{"line":50,"column":34}},"loc":{"start":{"line":50,"column":67},"end":{"line":70,"column":1}}},"4":{"name":"(anonymous_5)","decl":{"start":{"line":72,"column":34},"end":{"line":72,"column":39}},"loc":{"start":{"line":72,"column":72},"end":{"line":92,"column":1}}},"5":{"name":"(anonymous_6)","decl":{"start":{"line":94,"column":29},"end":{"line":94,"column":34}},"loc":{"start":{"line":94,"column":67},"end":{"line":111,"column":1}}}},"branchMap":{"0":{"loc":{"start":{"line":26,"column":8},"end":{"line":30,"column":9}},"type":"if","locations":[{"start":{"line":26,"column":8},"end":{"line":30,"column":9}},{"start":{},"end":{}}]},"1":{"loc":{"start":{"line":55,"column":8},"end":{"line":59,"column":9}},"type":"if","locations":[{"start":{"line":55,"column":8},"end":{"line":59,"column":9}},{"start":{},"end":{}}]},"2":{"loc":{"start":{"line":77,"column":8},"end":{"line":81,"column":9}},"type":"if","locations":[{"start":{"line":77,"column":8},"end":{"line":81,"column":9}},{"start":{},"end":{}}]},"3":{"loc":{"start":{"line":99,"column":8},"end":{"line":103,"column":9}},"type":"if","locations":[{"start":{"line":99,"column":8},"end":{"line":103,"column":9}},{"start":{},"end":{}}]}},"s":{"0":2,"1":2,"2":2,"3":2,"4":2,"5":0,"6":2,"7":2,"8":2,"9":2,"10":2,"11":2,"12":1,"13":1,"14":0,"15":2,"16":2,"17":1,"18":1,"19":1,"20":0,"21":2,"22":2,"23":2,"24":2,"25":2,"26":2,"27":1,"28":1,"29":1,"30":1,"31":0,"32":2,"33":2,"34":2,"35":2,"36":2,"37":2,"38":1,"39":1,"40":1,"41":1,"42":0,"43":2,"44":2,"45":2,"46":2,"47":2,"48":2,"49":1,"50":1,"51":1,"52":0,"53":2},"f":{"0":2,"1":2,"2":1,"3":2,"4":2,"5":2},"b":{"0":[1,1],"1":[1,1],"2":[1,1],"3":[1,1]}}
,"D:\\React\\Curso_TS\\Examples_React_Course\\Full Stack - React - Node - TypeScript\\server\\src\\middleware\\index.ts": {"path":"D:\\React\\Curso_TS\\Examples_React_Course\\Full Stack - React - Node - TypeScript\\server\\src\\middleware\\index.ts","statementMap":{"0":{"start":{"line":2,"column":0},"end":{"line":2,"column":53}},"1":{"start":{"line":4,"column":32},"end":{"line":14,"column":1}},"2":{"start":{"line":5,"column":17},"end":{"line":5,"column":38}},"3":{"start":{"line":7,"column":4},"end":{"line":9,"column":5}},"4":{"start":{"line":8,"column":8},"end":{"line":8,"column":null}},"5":{"start":{"line":12,"column":4},"end":{"line":12,"column":11}},"6":{"start":{"line":4,"column":13},"end":{"line":4,"column":32}}},"fnMap":{"0":{"name":"(anonymous_0)","decl":{"start":{"line":4,"column":32},"end":{"line":4,"column":33}},"loc":{"start":{"line":4,"column":84},"end":{"line":14,"column":1}}}},"branchMap":{"0":{"loc":{"start":{"line":7,"column":4},"end":{"line":9,"column":5}},"type":"if","locations":[{"start":{"line":7,"column":4},"end":{"line":9,"column":5}},{"start":{},"end":{}}]}},"s":{"0":2,"1":2,"2":17,"3":17,"4":8,"5":9,"6":2},"f":{"0":17},"b":{"0":[8,9]}}
,"D:\\React\\Curso_TS\\Examples_React_Course\\Full Stack - React - Node - TypeScript\\server\\src\\models\\Product.model.ts": {"path":"D:\\React\\Curso_TS\\Examples_React_Course\\Full Stack - React - Node - TypeScript\\server\\src\\models\\Product.model.ts","statementMap":{"0":{"start":{"line":1,"column":0},"end":{"line":1,"column":76}},"1":{"start":{"line":7,"column":0},"end":{"line":23,"column":null}},"2":{"start":{"line":11,"column":12},"end":{"line":11,"column":null}},"3":{"start":{"line":16,"column":12},"end":{"line":16,"column":null}},"4":{"start":{"line":22,"column":12},"end":{"line":22,"column":null}},"5":{"start":{"line":7,"column":6},"end":{"line":23,"column":null}},"6":{"start":{"line":25,"column":0},"end":{"line":25,"column":null}}},"fnMap":{},"branchMap":{},"s":{"0":3,"1":3,"2":3,"3":3,"4":3,"5":3,"6":3},"f":{},"b":{}}
}
