TN:
SF:src\router.ts
FN:129,(anonymous_0)
FN:188,(anonymous_1)
FNF:2
FNH:2
FNDA:4,(anonymous_0)
FNDA:5,(anonymous_1)
DA:1,2
DA:2,2
DA:3,2
DA:4,2
DA:6,2
DA:53,2
DA:82,2
DA:121,2
DA:129,4
DA:178,2
DA:188,5
DA:224,2
DA:259,2
DA:267,2
LF:14
LH:14
BRF:0
BRH:0
end_of_record
TN:
SF:src\server.ts
FN:9,connectDB
FNF:1
FNH:1
FNDA:3,connectDB
DA:1,2
DA:2,2
DA:3,2
DA:4,2
DA:5,2
DA:6,2
DA:9,2
DA:10,3
DA:11,3
DA:12,2
DA:15,1
DA:16,1
DA:20,2
DA:22,2
DA:25,2
DA:28,2
DA:33,2
DA:35,2
DA:37,2
LF:19
LH:19
BRF:0
BRH:0
end_of_record
TN:
SF:src\config\db.ts
FNF:0
FNH:0
DA:1,2
DA:2,2
DA:3,2
DA:6,2
DA:11,2
LF:5
LH:5
BRF:0
BRH:0
end_of_record
TN:
SF:src\config\swagger.ts
FNF:0
FNH:0
DA:1,2
DA:4,2
DA:22,2
DA:27,2
DA:61,2
DA:62,2
LF:6
LH:6
BRF:0
BRH:0
end_of_record
TN:
SF:src\handlers\product.ts
FN:5,(anonymous_1)
FN:21,(anonymous_2)
FN:40,(anonymous_3)
FN:50,(anonymous_4)
FN:72,(anonymous_5)
FN:94,(anonymous_6)
FNF:6
FNH:6
FNDA:2,(anonymous_1)
FNDA:2,(anonymous_2)
FNDA:1,(anonymous_3)
FNDA:2,(anonymous_4)
FNDA:2,(anonymous_5)
FNDA:2,(anonymous_6)
DA:3,2
DA:5,2
DA:6,2
DA:7,2
DA:14,2
DA:16,0
DA:21,2
DA:22,2
DA:23,2
DA:24,2
DA:26,2
DA:27,1
DA:32,1
DA:35,0
DA:40,2
DA:41,1
DA:42,1
DA:44,1
DA:46,0
DA:50,2
DA:51,2
DA:52,2
DA:53,2
DA:55,2
DA:56,1
DA:62,1
DA:63,1
DA:65,1
DA:68,0
DA:72,2
DA:73,2
DA:74,2
DA:75,2
DA:77,2
DA:78,1
DA:84,1
DA:85,1
DA:87,1
DA:90,0
DA:94,2
DA:95,2
DA:96,2
DA:97,2
DA:99,2
DA:100,1
DA:105,1
DA:106,1
DA:109,0
LF:48
LH:42
BRDA:26,0,0,1
BRDA:26,0,1,1
BRDA:55,1,0,1
BRDA:55,1,1,1
BRDA:77,2,0,1
BRDA:77,2,1,1
BRDA:99,3,0,1
BRDA:99,3,1,1
BRF:8
BRH:8
end_of_record
TN:
SF:src\middleware\index.ts
FN:4,(anonymous_0)
FNF:1
FNH:1
FNDA:17,(anonymous_0)
DA:2,2
DA:4,2
DA:5,17
DA:7,17
DA:8,8
DA:12,9
LF:6
LH:6
BRDA:7,0,0,8
BRDA:7,0,1,9
BRF:2
BRH:2
end_of_record
TN:
SF:src\models\Product.model.ts
FNF:0
FNH:0
DA:1,3
DA:7,3
DA:11,3
DA:16,3
DA:22,3
DA:25,3
LF:6
LH:6
BRF:0
BRH:0
end_of_record
